{"/Users/mjunior/Projetos/challenge-mauricio/app/controllers/app.controller.js": {"path":"/Users/mjunior/Projetos/challenge-mauricio/app/controllers/app.controller.js","statementMap":{"0":{"start":{"line":3,"column":8},"end":{"line":3,"column":30}},"1":{"start":{"line":7,"column":0},"end":{"line":7,"column":31}}},"fnMap":{"0":{"name":"(anonymous_0)","decl":{"start":{"line":2,"column":4},"end":{"line":2,"column":5}},"loc":{"start":{"line":2,"column":25},"end":{"line":4,"column":5}},"line":2}},"branchMap":{},"s":{"0":26,"1":2},"f":{"0":26},"b":{},"_coverageSchema":"1a1c01bbd47fc00a2c39e90264f33305004495a9","hash":"80496f723f6140808e1164123997ce6b6bb271c3"}
,"/Users/mjunior/Projetos/challenge-mauricio/app/controllers/purchase.controller.js": {"path":"/Users/mjunior/Projetos/challenge-mauricio/app/controllers/purchase.controller.js","statementMap":{"0":{"start":{"line":1,"column":22},"end":{"line":1,"column":49}},"1":{"start":{"line":2,"column":24},"end":{"line":2,"column":63}},"2":{"start":{"line":3,"column":24},"end":{"line":3,"column":45}},"3":{"start":{"line":7,"column":8},"end":{"line":7,"column":30}},"4":{"start":{"line":9,"column":8},"end":{"line":9,"column":45}},"5":{"start":{"line":10,"column":8},"end":{"line":10,"column":45}},"6":{"start":{"line":11,"column":8},"end":{"line":11,"column":63}},"7":{"start":{"line":12,"column":8},"end":{"line":12,"column":45}},"8":{"start":{"line":16,"column":26},"end":{"line":16,"column":34}},"9":{"start":{"line":18,"column":8},"end":{"line":32,"column":9}},"10":{"start":{"line":19,"column":12},"end":{"line":21,"column":13}},"11":{"start":{"line":20,"column":16},"end":{"line":20,"column":45}},"12":{"start":{"line":23,"column":12},"end":{"line":23,"column":73}},"13":{"start":{"line":24,"column":12},"end":{"line":24,"column":81}},"14":{"start":{"line":25,"column":12},"end":{"line":25,"column":43}},"15":{"start":{"line":27,"column":32},"end":{"line":27,"column":70}},"16":{"start":{"line":29,"column":12},"end":{"line":29,"column":45}},"17":{"start":{"line":31,"column":12},"end":{"line":31,"column":30}},"18":{"start":{"line":36,"column":25},"end":{"line":36,"column":28}},"19":{"start":{"line":38,"column":8},"end":{"line":71,"column":9}},"20":{"start":{"line":39,"column":24},"end":{"line":39,"column":37}},"21":{"start":{"line":40,"column":29},"end":{"line":40,"column":67}},"22":{"start":{"line":42,"column":12},"end":{"line":46,"column":13}},"23":{"start":{"line":43,"column":30},"end":{"line":43,"column":95}},"24":{"start":{"line":44,"column":16},"end":{"line":44,"column":39}},"25":{"start":{"line":45,"column":16},"end":{"line":45,"column":35}},"26":{"start":{"line":48,"column":12},"end":{"line":52,"column":13}},"27":{"start":{"line":49,"column":30},"end":{"line":49,"column":78}},"28":{"start":{"line":50,"column":16},"end":{"line":50,"column":39}},"29":{"start":{"line":51,"column":16},"end":{"line":51,"column":35}},"30":{"start":{"line":54,"column":12},"end":{"line":54,"column":74}},"31":{"start":{"line":55,"column":12},"end":{"line":55,"column":82}},"32":{"start":{"line":56,"column":12},"end":{"line":56,"column":40}},"33":{"start":{"line":58,"column":35},"end":{"line":58,"column":78}},"34":{"start":{"line":60,"column":12},"end":{"line":64,"column":13}},"35":{"start":{"line":61,"column":30},"end":{"line":61,"column":83}},"36":{"start":{"line":62,"column":16},"end":{"line":62,"column":39}},"37":{"start":{"line":63,"column":16},"end":{"line":63,"column":35}},"38":{"start":{"line":66,"column":36},"end":{"line":66,"column":74}},"39":{"start":{"line":68,"column":12},"end":{"line":68,"column":42}},"40":{"start":{"line":70,"column":12},"end":{"line":70,"column":31}},"41":{"start":{"line":75,"column":20},"end":{"line":75,"column":33}},"42":{"start":{"line":77,"column":8},"end":{"line":103,"column":9}},"43":{"start":{"line":78,"column":29},"end":{"line":78,"column":67}},"44":{"start":{"line":80,"column":12},"end":{"line":84,"column":13}},"45":{"start":{"line":81,"column":30},"end":{"line":81,"column":71}},"46":{"start":{"line":82,"column":16},"end":{"line":82,"column":39}},"47":{"start":{"line":83,"column":16},"end":{"line":83,"column":35}},"48":{"start":{"line":86,"column":12},"end":{"line":90,"column":13}},"49":{"start":{"line":87,"column":30},"end":{"line":87,"column":97}},"50":{"start":{"line":88,"column":16},"end":{"line":88,"column":39}},"51":{"start":{"line":89,"column":16},"end":{"line":89,"column":35}},"52":{"start":{"line":92,"column":35},"end":{"line":92,"column":72}},"53":{"start":{"line":94,"column":12},"end":{"line":98,"column":13}},"54":{"start":{"line":95,"column":30},"end":{"line":95,"column":83}},"55":{"start":{"line":96,"column":16},"end":{"line":96,"column":39}},"56":{"start":{"line":97,"column":16},"end":{"line":97,"column":35}},"57":{"start":{"line":100,"column":12},"end":{"line":100,"column":101}},"58":{"start":{"line":102,"column":12},"end":{"line":102,"column":31}},"59":{"start":{"line":107,"column":54},"end":{"line":107,"column":63}},"60":{"start":{"line":109,"column":8},"end":{"line":115,"column":11}},"61":{"start":{"line":110,"column":25},"end":{"line":110,"column":102}},"62":{"start":{"line":112,"column":12},"end":{"line":112,"column":27}},"63":{"start":{"line":114,"column":12},"end":{"line":114,"column":23}},"64":{"start":{"line":121,"column":8},"end":{"line":127,"column":9}},"65":{"start":{"line":122,"column":12},"end":{"line":122,"column":26}},"66":{"start":{"line":123,"column":15},"end":{"line":127,"column":9}},"67":{"start":{"line":124,"column":12},"end":{"line":124,"column":26}},"68":{"start":{"line":126,"column":12},"end":{"line":126,"column":26}},"69":{"start":{"line":128,"column":22},"end":{"line":128,"column":45}},"70":{"start":{"line":130,"column":8},"end":{"line":130,"column":35}},"71":{"start":{"line":134,"column":0},"end":{"line":134,"column":36}}},"fnMap":{"0":{"name":"(anonymous_0)","decl":{"start":{"line":6,"column":4},"end":{"line":6,"column":5}},"loc":{"start":{"line":6,"column":18},"end":{"line":13,"column":5}},"line":6},"1":{"name":"(anonymous_1)","decl":{"start":{"line":15,"column":4},"end":{"line":15,"column":5}},"loc":{"start":{"line":15,"column":33},"end":{"line":33,"column":5}},"line":15},"2":{"name":"(anonymous_2)","decl":{"start":{"line":35,"column":4},"end":{"line":35,"column":5}},"loc":{"start":{"line":35,"column":33},"end":{"line":72,"column":5}},"line":35},"3":{"name":"(anonymous_3)","decl":{"start":{"line":74,"column":4},"end":{"line":74,"column":5}},"loc":{"start":{"line":74,"column":33},"end":{"line":104,"column":5}},"line":74},"4":{"name":"(anonymous_4)","decl":{"start":{"line":106,"column":4},"end":{"line":106,"column":5}},"loc":{"start":{"line":106,"column":31},"end":{"line":116,"column":5}},"line":106},"5":{"name":"(anonymous_5)","decl":{"start":{"line":118,"column":4},"end":{"line":118,"column":5}},"loc":{"start":{"line":118,"column":27},"end":{"line":131,"column":5}},"line":118}},"branchMap":{"0":{"loc":{"start":{"line":19,"column":12},"end":{"line":21,"column":13}},"type":"if","locations":[{"start":{"line":19,"column":12},"end":{"line":21,"column":13}},{"start":{"line":19,"column":12},"end":{"line":21,"column":13}}],"line":19},"1":{"loc":{"start":{"line":42,"column":12},"end":{"line":46,"column":13}},"type":"if","locations":[{"start":{"line":42,"column":12},"end":{"line":46,"column":13}},{"start":{"line":42,"column":12},"end":{"line":46,"column":13}}],"line":42},"2":{"loc":{"start":{"line":48,"column":12},"end":{"line":52,"column":13}},"type":"if","locations":[{"start":{"line":48,"column":12},"end":{"line":52,"column":13}},{"start":{"line":48,"column":12},"end":{"line":52,"column":13}}],"line":48},"3":{"loc":{"start":{"line":60,"column":12},"end":{"line":64,"column":13}},"type":"if","locations":[{"start":{"line":60,"column":12},"end":{"line":64,"column":13}},{"start":{"line":60,"column":12},"end":{"line":64,"column":13}}],"line":60},"4":{"loc":{"start":{"line":80,"column":12},"end":{"line":84,"column":13}},"type":"if","locations":[{"start":{"line":80,"column":12},"end":{"line":84,"column":13}},{"start":{"line":80,"column":12},"end":{"line":84,"column":13}}],"line":80},"5":{"loc":{"start":{"line":86,"column":12},"end":{"line":90,"column":13}},"type":"if","locations":[{"start":{"line":86,"column":12},"end":{"line":90,"column":13}},{"start":{"line":86,"column":12},"end":{"line":90,"column":13}}],"line":86},"6":{"loc":{"start":{"line":94,"column":12},"end":{"line":98,"column":13}},"type":"if","locations":[{"start":{"line":94,"column":12},"end":{"line":98,"column":13}},{"start":{"line":94,"column":12},"end":{"line":98,"column":13}}],"line":94},"7":{"loc":{"start":{"line":121,"column":8},"end":{"line":127,"column":9}},"type":"if","locations":[{"start":{"line":121,"column":8},"end":{"line":127,"column":9}},{"start":{"line":121,"column":8},"end":{"line":127,"column":9}}],"line":121},"8":{"loc":{"start":{"line":123,"column":15},"end":{"line":127,"column":9}},"type":"if","locations":[{"start":{"line":123,"column":15},"end":{"line":127,"column":9}},{"start":{"line":123,"column":15},"end":{"line":127,"column":9}}],"line":123},"9":{"loc":{"start":{"line":123,"column":19},"end":{"line":123,"column":48}},"type":"binary-expr","locations":[{"start":{"line":123,"column":19},"end":{"line":123,"column":31}},{"start":{"line":123,"column":35},"end":{"line":123,"column":48}}],"line":123}},"s":{"0":1,"1":1,"2":1,"3":17,"4":17,"5":17,"6":17,"7":17,"8":6,"9":6,"10":6,"11":1,"12":6,"13":6,"14":6,"15":6,"16":5,"17":1,"18":5,"19":5,"20":5,"21":5,"22":4,"23":1,"24":1,"25":1,"26":3,"27":1,"28":1,"29":1,"30":2,"31":2,"32":2,"33":2,"34":2,"35":1,"36":1,"37":1,"38":1,"39":1,"40":1,"41":5,"42":5,"43":5,"44":4,"45":1,"46":1,"47":1,"48":3,"49":1,"50":1,"51":1,"52":2,"53":2,"54":1,"55":1,"56":1,"57":1,"58":1,"59":0,"60":0,"61":0,"62":0,"63":0,"64":16,"65":4,"66":12,"67":10,"68":2,"69":16,"70":16,"71":1},"f":{"0":17,"1":6,"2":5,"3":5,"4":0,"5":16},"b":{"0":[1,5],"1":[1,3],"2":[1,2],"3":[1,1],"4":[1,3],"5":[1,2],"6":[1,1],"7":[4,12],"8":[10,2],"9":[12,12]},"_coverageSchema":"1a1c01bbd47fc00a2c39e90264f33305004495a9","hash":"0cd4bf13c1007b09647fba8d7d812037829c8ca9"}
,"/Users/mjunior/Projetos/challenge-mauricio/app/controllers/user.controller.js": {"path":"/Users/mjunior/Projetos/challenge-mauricio/app/controllers/user.controller.js","statementMap":{"0":{"start":{"line":1,"column":22},"end":{"line":1,"column":49}},"1":{"start":{"line":2,"column":20},"end":{"line":2,"column":55}},"2":{"start":{"line":3,"column":20},"end":{"line":3,"column":37}},"3":{"start":{"line":5,"column":12},"end":{"line":5,"column":35}},"4":{"start":{"line":6,"column":23},"end":{"line":6,"column":34}},"5":{"start":{"line":10,"column":8},"end":{"line":10,"column":26}},"6":{"start":{"line":12,"column":8},"end":{"line":12,"column":45}},"7":{"start":{"line":13,"column":8},"end":{"line":13,"column":43}},"8":{"start":{"line":17,"column":8},"end":{"line":38,"column":9}},"9":{"start":{"line":18,"column":51},"end":{"line":18,"column":59}},"10":{"start":{"line":20,"column":25},"end":{"line":20,"column":100}},"11":{"start":{"line":21,"column":12},"end":{"line":25,"column":13}},"12":{"start":{"line":22,"column":30},"end":{"line":22,"column":69}},"13":{"start":{"line":23,"column":16},"end":{"line":23,"column":39}},"14":{"start":{"line":24,"column":16},"end":{"line":24,"column":35}},"15":{"start":{"line":27,"column":28},"end":{"line":27,"column":84}},"16":{"start":{"line":28,"column":12},"end":{"line":32,"column":13}},"17":{"start":{"line":29,"column":30},"end":{"line":29,"column":69}},"18":{"start":{"line":30,"column":16},"end":{"line":30,"column":39}},"19":{"start":{"line":31,"column":16},"end":{"line":31,"column":35}},"20":{"start":{"line":34,"column":12},"end":{"line":34,"column":41}},"21":{"start":{"line":35,"column":12},"end":{"line":35,"column":41}},"22":{"start":{"line":37,"column":12},"end":{"line":37,"column":30}},"23":{"start":{"line":42,"column":8},"end":{"line":67,"column":9}},"24":{"start":{"line":43,"column":40},"end":{"line":43,"column":48}},"25":{"start":{"line":45,"column":25},"end":{"line":45,"column":81}},"26":{"start":{"line":47,"column":12},"end":{"line":51,"column":13}},"27":{"start":{"line":48,"column":30},"end":{"line":48,"column":60}},"28":{"start":{"line":49,"column":16},"end":{"line":49,"column":38}},"29":{"start":{"line":50,"column":16},"end":{"line":50,"column":34}},"30":{"start":{"line":53,"column":34},"end":{"line":53,"column":71}},"31":{"start":{"line":55,"column":12},"end":{"line":59,"column":13}},"32":{"start":{"line":56,"column":30},"end":{"line":56,"column":60}},"33":{"start":{"line":57,"column":16},"end":{"line":57,"column":38}},"34":{"start":{"line":58,"column":16},"end":{"line":58,"column":34}},"35":{"start":{"line":61,"column":26},"end":{"line":61,"column":101}},"36":{"start":{"line":62,"column":12},"end":{"line":62,"column":38}},"37":{"start":{"line":64,"column":12},"end":{"line":64,"column":44}},"38":{"start":{"line":66,"column":12},"end":{"line":66,"column":30}},"39":{"start":{"line":71,"column":0},"end":{"line":71,"column":32}}},"fnMap":{"0":{"name":"(anonymous_0)","decl":{"start":{"line":9,"column":4},"end":{"line":9,"column":5}},"loc":{"start":{"line":9,"column":18},"end":{"line":14,"column":5}},"line":9},"1":{"name":"(anonymous_1)","decl":{"start":{"line":16,"column":4},"end":{"line":16,"column":5}},"loc":{"start":{"line":16,"column":33},"end":{"line":39,"column":5}},"line":16},"2":{"name":"(anonymous_2)","decl":{"start":{"line":41,"column":4},"end":{"line":41,"column":5}},"loc":{"start":{"line":41,"column":32},"end":{"line":68,"column":5}},"line":41}},"branchMap":{"0":{"loc":{"start":{"line":21,"column":12},"end":{"line":25,"column":13}},"type":"if","locations":[{"start":{"line":21,"column":12},"end":{"line":25,"column":13}},{"start":{"line":21,"column":12},"end":{"line":25,"column":13}}],"line":21},"1":{"loc":{"start":{"line":28,"column":12},"end":{"line":32,"column":13}},"type":"if","locations":[{"start":{"line":28,"column":12},"end":{"line":32,"column":13}},{"start":{"line":28,"column":12},"end":{"line":32,"column":13}}],"line":28},"2":{"loc":{"start":{"line":47,"column":12},"end":{"line":51,"column":13}},"type":"if","locations":[{"start":{"line":47,"column":12},"end":{"line":51,"column":13}},{"start":{"line":47,"column":12},"end":{"line":51,"column":13}}],"line":47},"3":{"loc":{"start":{"line":55,"column":12},"end":{"line":59,"column":13}},"type":"if","locations":[{"start":{"line":55,"column":12},"end":{"line":59,"column":13}},{"start":{"line":55,"column":12},"end":{"line":59,"column":13}}],"line":55}},"s":{"0":1,"1":1,"2":1,"3":1,"4":1,"5":9,"6":9,"7":9,"8":4,"9":4,"10":4,"11":4,"12":1,"13":1,"14":1,"15":3,"16":2,"17":1,"18":1,"19":1,"20":1,"21":1,"22":1,"23":4,"24":4,"25":4,"26":4,"27":1,"28":1,"29":1,"30":3,"31":2,"32":1,"33":1,"34":1,"35":1,"36":1,"37":1,"38":1,"39":1},"f":{"0":9,"1":4,"2":4},"b":{"0":[1,3],"1":[1,1],"2":[1,3],"3":[1,1]},"_coverageSchema":"1a1c01bbd47fc00a2c39e90264f33305004495a9","hash":"62f5b1d228d870292b668b3d95defef87a4311fe"}
,"/Users/mjunior/Projetos/challenge-mauricio/app/services/app.service.js": {"path":"/Users/mjunior/Projetos/challenge-mauricio/app/services/app.service.js","statementMap":{"0":{"start":{"line":3,"column":8},"end":{"line":3,"column":26}},"1":{"start":{"line":7,"column":22},"end":{"line":7,"column":42}},"2":{"start":{"line":9,"column":8},"end":{"line":9,"column":28}},"3":{"start":{"line":13,"column":8},"end":{"line":13,"column":49}},"4":{"start":{"line":17,"column":8},"end":{"line":17,"column":47}},"5":{"start":{"line":21,"column":8},"end":{"line":21,"column":44}},"6":{"start":{"line":25,"column":8},"end":{"line":25,"column":27}},"7":{"start":{"line":26,"column":8},"end":{"line":29,"column":23}},"8":{"start":{"line":33,"column":8},"end":{"line":33,"column":47}},"9":{"start":{"line":37,"column":0},"end":{"line":37,"column":28}}},"fnMap":{"0":{"name":"(anonymous_0)","decl":{"start":{"line":2,"column":4},"end":{"line":2,"column":5}},"loc":{"start":{"line":2,"column":23},"end":{"line":4,"column":5}},"line":2},"1":{"name":"(anonymous_1)","decl":{"start":{"line":6,"column":4},"end":{"line":6,"column":5}},"loc":{"start":{"line":6,"column":17},"end":{"line":10,"column":5}},"line":6},"2":{"name":"(anonymous_2)","decl":{"start":{"line":12,"column":4},"end":{"line":12,"column":5}},"loc":{"start":{"line":12,"column":32},"end":{"line":14,"column":5}},"line":12},"3":{"name":"(anonymous_3)","decl":{"start":{"line":16,"column":4},"end":{"line":16,"column":5}},"loc":{"start":{"line":16,"column":22},"end":{"line":18,"column":5}},"line":16},"4":{"name":"(anonymous_4)","decl":{"start":{"line":20,"column":4},"end":{"line":20,"column":5}},"loc":{"start":{"line":20,"column":16},"end":{"line":22,"column":5}},"line":20},"5":{"name":"(anonymous_5)","decl":{"start":{"line":24,"column":4},"end":{"line":24,"column":5}},"loc":{"start":{"line":24,"column":54},"end":{"line":30,"column":5}},"line":24},"6":{"name":"(anonymous_6)","decl":{"start":{"line":32,"column":4},"end":{"line":32,"column":5}},"loc":{"start":{"line":32,"column":22},"end":{"line":34,"column":5}},"line":32}},"branchMap":{"0":{"loc":{"start":{"line":12,"column":12},"end":{"line":12,"column":22}},"type":"default-arg","locations":[{"start":{"line":12,"column":20},"end":{"line":12,"column":22}}],"line":12},"1":{"loc":{"start":{"line":24,"column":9},"end":{"line":24,"column":20}},"type":"default-arg","locations":[{"start":{"line":24,"column":18},"end":{"line":24,"column":20}}],"line":24},"2":{"loc":{"start":{"line":24,"column":22},"end":{"line":24,"column":33}},"type":"default-arg","locations":[{"start":{"line":24,"column":31},"end":{"line":24,"column":33}}],"line":24},"3":{"loc":{"start":{"line":32,"column":10},"end":{"line":32,"column":20}},"type":"default-arg","locations":[{"start":{"line":32,"column":18},"end":{"line":32,"column":20}}],"line":32}},"s":{"0":4,"1":0,"2":0,"3":0,"4":0,"5":0,"6":0,"7":0,"8":0,"9":2},"f":{"0":4,"1":0,"2":0,"3":0,"4":0,"5":0,"6":0},"b":{"0":[0],"1":[0],"2":[0],"3":[0]},"_coverageSchema":"1a1c01bbd47fc00a2c39e90264f33305004495a9","hash":"0ec2015513c9f9316a019c671a76155ff82bb972"}
,"/Users/mjunior/Projetos/challenge-mauricio/app/services/purchase.service.js": {"path":"/Users/mjunior/Projetos/challenge-mauricio/app/services/purchase.service.js","statementMap":{"0":{"start":{"line":1,"column":19},"end":{"line":1,"column":43}},"1":{"start":{"line":2,"column":14},"end":{"line":2,"column":51}},"2":{"start":{"line":6,"column":8},"end":{"line":6,"column":20}},"3":{"start":{"line":8,"column":8},"end":{"line":8,"column":27}},"4":{"start":{"line":12,"column":0},"end":{"line":12,"column":33}}},"fnMap":{"0":{"name":"(anonymous_0)","decl":{"start":{"line":5,"column":4},"end":{"line":5,"column":5}},"loc":{"start":{"line":5,"column":18},"end":{"line":9,"column":5}},"line":5}},"branchMap":{},"s":{"0":1,"1":1,"2":2,"3":2,"4":1},"f":{"0":2},"b":{},"_coverageSchema":"1a1c01bbd47fc00a2c39e90264f33305004495a9","hash":"4939c2490c30e43b05662c1ff5e4ecfe7c1a9f45"}
,"/Users/mjunior/Projetos/challenge-mauricio/app/services/user.service.js": {"path":"/Users/mjunior/Projetos/challenge-mauricio/app/services/user.service.js","statementMap":{"0":{"start":{"line":1,"column":19},"end":{"line":1,"column":43}},"1":{"start":{"line":2,"column":14},"end":{"line":2,"column":47}},"2":{"start":{"line":6,"column":8},"end":{"line":6,"column":20}},"3":{"start":{"line":8,"column":8},"end":{"line":8,"column":27}},"4":{"start":{"line":12,"column":0},"end":{"line":12,"column":29}}},"fnMap":{"0":{"name":"(anonymous_0)","decl":{"start":{"line":5,"column":4},"end":{"line":5,"column":5}},"loc":{"start":{"line":5,"column":18},"end":{"line":9,"column":5}},"line":5}},"branchMap":{},"s":{"0":1,"1":1,"2":2,"3":2,"4":1},"f":{"0":2},"b":{},"_coverageSchema":"1a1c01bbd47fc00a2c39e90264f33305004495a9","hash":"6343906e08fdcde897cfc9fcec34734103228728"}
}
