{"/Users/mjunior/Projetos/challenge-mauricio/app/app.js": {"path":"/Users/mjunior/Projetos/challenge-mauricio/app/app.js","statementMap":{"0":{"start":{"line":1,"column":16},"end":{"line":1,"column":34}},"1":{"start":{"line":2,"column":13},"end":{"line":2,"column":28}},"2":{"start":{"line":3,"column":19},"end":{"line":3,"column":41}},"3":{"start":{"line":4,"column":11},"end":{"line":4,"column":24}},"4":{"start":{"line":6,"column":21},"end":{"line":6,"column":58}},"5":{"start":{"line":7,"column":18},"end":{"line":7,"column":40}},"6":{"start":{"line":8,"column":22},"end":{"line":8,"column":33}},"7":{"start":{"line":12,"column":8},"end":{"line":12,"column":33}},"8":{"start":{"line":17,"column":22},"end":{"line":17,"column":60}},"9":{"start":{"line":19,"column":8},"end":{"line":19,"column":67}},"10":{"start":{"line":19,"column":23},"end":{"line":19,"column":67}},"11":{"start":{"line":21,"column":8},"end":{"line":31,"column":10}},"12":{"start":{"line":22,"column":28},"end":{"line":22,"column":43}},"13":{"start":{"line":23,"column":28},"end":{"line":23,"column":59}},"14":{"start":{"line":25,"column":10},"end":{"line":30,"column":11}},"15":{"start":{"line":26,"column":12},"end":{"line":26,"column":57}},"16":{"start":{"line":26,"column":27},"end":{"line":26,"column":57}},"17":{"start":{"line":28,"column":12},"end":{"line":29,"column":56}},"18":{"start":{"line":28,"column":25},"end":{"line":28,"column":87}},"19":{"start":{"line":29,"column":17},"end":{"line":29,"column":56}},"20":{"start":{"line":35,"column":8},"end":{"line":35,"column":39}},"21":{"start":{"line":41,"column":8},"end":{"line":41,"column":32}},"22":{"start":{"line":42,"column":8},"end":{"line":42,"column":43}},"23":{"start":{"line":47,"column":8},"end":{"line":47,"column":45}},"24":{"start":{"line":51,"column":8},"end":{"line":51,"column":44}},"25":{"start":{"line":55,"column":8},"end":{"line":55,"column":43}},"26":{"start":{"line":59,"column":8},"end":{"line":59,"column":25}},"27":{"start":{"line":60,"column":8},"end":{"line":60,"column":30}},"28":{"start":{"line":61,"column":8},"end":{"line":61,"column":25}},"29":{"start":{"line":62,"column":8},"end":{"line":62,"column":30}},"30":{"start":{"line":63,"column":8},"end":{"line":63,"column":29}},"31":{"start":{"line":65,"column":8},"end":{"line":65,"column":38}},"32":{"start":{"line":69,"column":0},"end":{"line":69,"column":27}}},"fnMap":{"0":{"name":"(anonymous_0)","decl":{"start":{"line":11,"column":4},"end":{"line":11,"column":5}},"loc":{"start":{"line":11,"column":18},"end":{"line":14,"column":5}},"line":11},"1":{"name":"(anonymous_1)","decl":{"start":{"line":16,"column":4},"end":{"line":16,"column":5}},"loc":{"start":{"line":16,"column":36},"end":{"line":32,"column":5}},"line":16},"2":{"name":"(anonymous_2)","decl":{"start":{"line":21,"column":22},"end":{"line":21,"column":23}},"loc":{"start":{"line":21,"column":30},"end":{"line":31,"column":9}},"line":21},"3":{"name":"(anonymous_3)","decl":{"start":{"line":34,"column":4},"end":{"line":34,"column":5}},"loc":{"start":{"line":34,"column":17},"end":{"line":36,"column":5}},"line":34},"4":{"name":"(anonymous_4)","decl":{"start":{"line":38,"column":4},"end":{"line":38,"column":5}},"loc":{"start":{"line":38,"column":22},"end":{"line":44,"column":5}},"line":38},"5":{"name":"(anonymous_5)","decl":{"start":{"line":46,"column":4},"end":{"line":46,"column":5}},"loc":{"start":{"line":46,"column":17},"end":{"line":48,"column":5}},"line":46},"6":{"name":"(anonymous_6)","decl":{"start":{"line":50,"column":4},"end":{"line":50,"column":5}},"loc":{"start":{"line":50,"column":22},"end":{"line":52,"column":5}},"line":50},"7":{"name":"(anonymous_7)","decl":{"start":{"line":54,"column":4},"end":{"line":54,"column":5}},"loc":{"start":{"line":54,"column":21},"end":{"line":56,"column":5}},"line":54},"8":{"name":"(anonymous_8)","decl":{"start":{"line":58,"column":4},"end":{"line":58,"column":5}},"loc":{"start":{"line":58,"column":12},"end":{"line":66,"column":5}},"line":58}},"branchMap":{"0":{"loc":{"start":{"line":19,"column":8},"end":{"line":19,"column":67}},"type":"if","locations":[{"start":{"line":19,"column":8},"end":{"line":19,"column":67}},{"start":{"line":19,"column":8},"end":{"line":19,"column":67}}],"line":19},"1":{"loc":{"start":{"line":25,"column":10},"end":{"line":30,"column":11}},"type":"if","locations":[{"start":{"line":25,"column":10},"end":{"line":30,"column":11}},{"start":{"line":25,"column":10},"end":{"line":30,"column":11}}],"line":25},"2":{"loc":{"start":{"line":26,"column":12},"end":{"line":26,"column":57}},"type":"if","locations":[{"start":{"line":26,"column":12},"end":{"line":26,"column":57}},{"start":{"line":26,"column":12},"end":{"line":26,"column":57}}],"line":26},"3":{"loc":{"start":{"line":28,"column":12},"end":{"line":29,"column":56}},"type":"if","locations":[{"start":{"line":28,"column":12},"end":{"line":29,"column":56}},{"start":{"line":28,"column":12},"end":{"line":29,"column":56}}],"line":28}},"s":{"0":1,"1":1,"2":1,"3":1,"4":1,"5":1,"6":1,"7":1,"8":4,"9":4,"10":0,"11":4,"12":11,"13":11,"14":11,"15":10,"16":0,"17":10,"18":3,"19":7,"20":1,"21":1,"22":1,"23":1,"24":1,"25":1,"26":1,"27":1,"28":1,"29":1,"30":1,"31":1,"32":1},"f":{"0":1,"1":4,"2":11,"3":1,"4":1,"5":1,"6":1,"7":1,"8":1},"b":{"0":[0,4],"1":[10,1],"2":[0,10],"3":[3,7]},"_coverageSchema":"1a1c01bbd47fc00a2c39e90264f33305004495a9","hash":"df557ff094ef2245a51089c945b1724ba6d36b52"}
,"/Users/mjunior/Projetos/challenge-mauricio/app/constants.js": {"path":"/Users/mjunior/Projetos/challenge-mauricio/app/constants.js","statementMap":{"0":{"start":{"line":1,"column":14},"end":{"line":10,"column":3}},"1":{"start":{"line":12,"column":2},"end":{"line":12,"column":28}}},"fnMap":{},"branchMap":{},"s":{"0":1,"1":1},"f":{},"b":{},"_coverageSchema":"1a1c01bbd47fc00a2c39e90264f33305004495a9","hash":"bf5b2126330b29b6e67a2fbcdf0e739f41997277"}
,"/Users/mjunior/Projetos/challenge-mauricio/app/bootstraps/user.bootstrap.js": {"path":"/Users/mjunior/Projetos/challenge-mauricio/app/bootstraps/user.bootstrap.js","statementMap":{"0":{"start":{"line":1,"column":20},"end":{"line":1,"column":55}},"1":{"start":{"line":2,"column":20},"end":{"line":2,"column":37}},"2":{"start":{"line":4,"column":18},"end":{"line":4,"column":41}},"3":{"start":{"line":5,"column":13},"end":{"line":5,"column":40}},"4":{"start":{"line":7,"column":12},"end":{"line":18,"column":1}},"5":{"start":{"line":9,"column":2},"end":{"line":16,"column":3}},"6":{"start":{"line":10,"column":20},"end":{"line":10,"column":66}},"7":{"start":{"line":12,"column":4},"end":{"line":13,"column":36}},"8":{"start":{"line":13,"column":6},"end":{"line":13,"column":36}},"9":{"start":{"line":15,"column":4},"end":{"line":15,"column":33}},"10":{"start":{"line":20,"column":0},"end":{"line":20,"column":6}}},"fnMap":{"0":{"name":"(anonymous_0)","decl":{"start":{"line":7,"column":12},"end":{"line":7,"column":13}},"loc":{"start":{"line":7,"column":24},"end":{"line":18,"column":1}},"line":7}},"branchMap":{"0":{"loc":{"start":{"line":12,"column":4},"end":{"line":13,"column":36}},"type":"if","locations":[{"start":{"line":12,"column":4},"end":{"line":13,"column":36}},{"start":{"line":12,"column":4},"end":{"line":13,"column":36}}],"line":12}},"s":{"0":1,"1":1,"2":1,"3":1,"4":1,"5":1,"6":1,"7":1,"8":1,"9":0,"10":1},"f":{"0":1},"b":{"0":[1,0]},"_coverageSchema":"1a1c01bbd47fc00a2c39e90264f33305004495a9","hash":"9e702a293cff2243231a3d73e970c4f172b30255"}
,"/Users/mjunior/Projetos/challenge-mauricio/app/controllers/app.controller.js": {"path":"/Users/mjunior/Projetos/challenge-mauricio/app/controllers/app.controller.js","statementMap":{"0":{"start":{"line":3,"column":8},"end":{"line":3,"column":30}},"1":{"start":{"line":7,"column":0},"end":{"line":7,"column":31}}},"fnMap":{"0":{"name":"(anonymous_0)","decl":{"start":{"line":2,"column":4},"end":{"line":2,"column":5}},"loc":{"start":{"line":2,"column":25},"end":{"line":4,"column":5}},"line":2}},"branchMap":{},"s":{"0":2,"1":1},"f":{"0":2},"b":{},"_coverageSchema":"1a1c01bbd47fc00a2c39e90264f33305004495a9","hash":"80496f723f6140808e1164123997ce6b6bb271c3"}
,"/Users/mjunior/Projetos/challenge-mauricio/app/controllers/cashback.controller.js": {"path":"/Users/mjunior/Projetos/challenge-mauricio/app/controllers/cashback.controller.js","statementMap":{"0":{"start":{"line":1,"column":25},"end":{"line":1,"column":65}},"1":{"start":{"line":2,"column":25},"end":{"line":2,"column":47}},"2":{"start":{"line":10,"column":24},"end":{"line":10,"column":34}},"3":{"start":{"line":12,"column":8},"end":{"line":18,"column":9}},"4":{"start":{"line":13,"column":29},"end":{"line":13,"column":68}},"5":{"start":{"line":15,"column":12},"end":{"line":15,"column":38}},"6":{"start":{"line":17,"column":12},"end":{"line":17,"column":31}},"7":{"start":{"line":22,"column":0},"end":{"line":22,"column":36}}},"fnMap":{"0":{"name":"(anonymous_0)","decl":{"start":{"line":5,"column":4},"end":{"line":5,"column":5}},"loc":{"start":{"line":5,"column":18},"end":{"line":7,"column":5}},"line":5},"1":{"name":"(anonymous_1)","decl":{"start":{"line":9,"column":4},"end":{"line":9,"column":5}},"loc":{"start":{"line":9,"column":38},"end":{"line":19,"column":5}},"line":9}},"branchMap":{},"s":{"0":1,"1":1,"2":1,"3":1,"4":1,"5":1,"6":0,"7":1},"f":{"0":1,"1":1},"b":{},"_coverageSchema":"1a1c01bbd47fc00a2c39e90264f33305004495a9","hash":"f4f79d2109dc2f6e0ab5f3a7ec48fb0d568e6862"}
,"/Users/mjunior/Projetos/challenge-mauricio/app/controllers/purchase.controller.js": {"path":"/Users/mjunior/Projetos/challenge-mauricio/app/controllers/purchase.controller.js","statementMap":{"0":{"start":{"line":1,"column":22},"end":{"line":1,"column":49}},"1":{"start":{"line":2,"column":24},"end":{"line":2,"column":63}},"2":{"start":{"line":3,"column":24},"end":{"line":3,"column":45}},"3":{"start":{"line":7,"column":8},"end":{"line":7,"column":30}},"4":{"start":{"line":9,"column":8},"end":{"line":9,"column":45}},"5":{"start":{"line":10,"column":8},"end":{"line":10,"column":45}},"6":{"start":{"line":11,"column":8},"end":{"line":11,"column":63}},"7":{"start":{"line":12,"column":8},"end":{"line":12,"column":45}},"8":{"start":{"line":16,"column":26},"end":{"line":16,"column":34}},"9":{"start":{"line":18,"column":8},"end":{"line":34,"column":9}},"10":{"start":{"line":19,"column":12},"end":{"line":21,"column":13}},"11":{"start":{"line":20,"column":16},"end":{"line":20,"column":45}},"12":{"start":{"line":23,"column":30},"end":{"line":23,"column":57}},"13":{"start":{"line":25,"column":12},"end":{"line":25,"column":53}},"14":{"start":{"line":26,"column":12},"end":{"line":26,"column":61}},"15":{"start":{"line":27,"column":12},"end":{"line":27,"column":43}},"16":{"start":{"line":29,"column":32},"end":{"line":29,"column":70}},"17":{"start":{"line":31,"column":12},"end":{"line":31,"column":45}},"18":{"start":{"line":33,"column":12},"end":{"line":33,"column":30}},"19":{"start":{"line":38,"column":25},"end":{"line":38,"column":28}},"20":{"start":{"line":40,"column":8},"end":{"line":75,"column":9}},"21":{"start":{"line":41,"column":24},"end":{"line":41,"column":37}},"22":{"start":{"line":42,"column":29},"end":{"line":42,"column":67}},"23":{"start":{"line":44,"column":12},"end":{"line":48,"column":13}},"24":{"start":{"line":45,"column":30},"end":{"line":45,"column":95}},"25":{"start":{"line":46,"column":16},"end":{"line":46,"column":39}},"26":{"start":{"line":47,"column":16},"end":{"line":47,"column":35}},"27":{"start":{"line":50,"column":12},"end":{"line":54,"column":13}},"28":{"start":{"line":51,"column":30},"end":{"line":51,"column":78}},"29":{"start":{"line":52,"column":16},"end":{"line":52,"column":39}},"30":{"start":{"line":53,"column":16},"end":{"line":53,"column":35}},"31":{"start":{"line":56,"column":30},"end":{"line":56,"column":62}},"32":{"start":{"line":58,"column":12},"end":{"line":58,"column":49}},"33":{"start":{"line":59,"column":12},"end":{"line":59,"column":57}},"34":{"start":{"line":60,"column":12},"end":{"line":60,"column":40}},"35":{"start":{"line":62,"column":35},"end":{"line":62,"column":78}},"36":{"start":{"line":64,"column":12},"end":{"line":68,"column":13}},"37":{"start":{"line":65,"column":30},"end":{"line":65,"column":83}},"38":{"start":{"line":66,"column":16},"end":{"line":66,"column":39}},"39":{"start":{"line":67,"column":16},"end":{"line":67,"column":35}},"40":{"start":{"line":70,"column":36},"end":{"line":70,"column":74}},"41":{"start":{"line":72,"column":12},"end":{"line":72,"column":42}},"42":{"start":{"line":74,"column":12},"end":{"line":74,"column":31}},"43":{"start":{"line":79,"column":20},"end":{"line":79,"column":33}},"44":{"start":{"line":81,"column":8},"end":{"line":107,"column":9}},"45":{"start":{"line":82,"column":29},"end":{"line":82,"column":67}},"46":{"start":{"line":84,"column":12},"end":{"line":88,"column":13}},"47":{"start":{"line":85,"column":30},"end":{"line":85,"column":71}},"48":{"start":{"line":86,"column":16},"end":{"line":86,"column":39}},"49":{"start":{"line":87,"column":16},"end":{"line":87,"column":35}},"50":{"start":{"line":90,"column":12},"end":{"line":94,"column":13}},"51":{"start":{"line":91,"column":30},"end":{"line":91,"column":97}},"52":{"start":{"line":92,"column":16},"end":{"line":92,"column":39}},"53":{"start":{"line":93,"column":16},"end":{"line":93,"column":35}},"54":{"start":{"line":96,"column":35},"end":{"line":96,"column":72}},"55":{"start":{"line":98,"column":12},"end":{"line":102,"column":13}},"56":{"start":{"line":99,"column":30},"end":{"line":99,"column":83}},"57":{"start":{"line":100,"column":16},"end":{"line":100,"column":39}},"58":{"start":{"line":101,"column":16},"end":{"line":101,"column":35}},"59":{"start":{"line":104,"column":12},"end":{"line":104,"column":101}},"60":{"start":{"line":106,"column":12},"end":{"line":106,"column":31}},"61":{"start":{"line":111,"column":54},"end":{"line":111,"column":63}},"62":{"start":{"line":113,"column":8},"end":{"line":119,"column":11}},"63":{"start":{"line":114,"column":25},"end":{"line":114,"column":102}},"64":{"start":{"line":116,"column":12},"end":{"line":116,"column":27}},"65":{"start":{"line":118,"column":12},"end":{"line":118,"column":23}},"66":{"start":{"line":125,"column":8},"end":{"line":131,"column":9}},"67":{"start":{"line":126,"column":12},"end":{"line":126,"column":26}},"68":{"start":{"line":127,"column":15},"end":{"line":131,"column":9}},"69":{"start":{"line":128,"column":12},"end":{"line":128,"column":26}},"70":{"start":{"line":130,"column":12},"end":{"line":130,"column":26}},"71":{"start":{"line":132,"column":22},"end":{"line":132,"column":45}},"72":{"start":{"line":134,"column":8},"end":{"line":134,"column":35}},"73":{"start":{"line":138,"column":0},"end":{"line":138,"column":36}}},"fnMap":{"0":{"name":"(anonymous_0)","decl":{"start":{"line":6,"column":4},"end":{"line":6,"column":5}},"loc":{"start":{"line":6,"column":18},"end":{"line":13,"column":5}},"line":6},"1":{"name":"(anonymous_1)","decl":{"start":{"line":15,"column":4},"end":{"line":15,"column":5}},"loc":{"start":{"line":15,"column":33},"end":{"line":35,"column":5}},"line":15},"2":{"name":"(anonymous_2)","decl":{"start":{"line":37,"column":4},"end":{"line":37,"column":5}},"loc":{"start":{"line":37,"column":33},"end":{"line":76,"column":5}},"line":37},"3":{"name":"(anonymous_3)","decl":{"start":{"line":78,"column":4},"end":{"line":78,"column":5}},"loc":{"start":{"line":78,"column":33},"end":{"line":108,"column":5}},"line":78},"4":{"name":"(anonymous_4)","decl":{"start":{"line":110,"column":4},"end":{"line":110,"column":5}},"loc":{"start":{"line":110,"column":31},"end":{"line":120,"column":5}},"line":110},"5":{"name":"(anonymous_5)","decl":{"start":{"line":122,"column":4},"end":{"line":122,"column":5}},"loc":{"start":{"line":122,"column":27},"end":{"line":135,"column":5}},"line":122}},"branchMap":{"0":{"loc":{"start":{"line":19,"column":12},"end":{"line":21,"column":13}},"type":"if","locations":[{"start":{"line":19,"column":12},"end":{"line":21,"column":13}},{"start":{"line":19,"column":12},"end":{"line":21,"column":13}}],"line":19},"1":{"loc":{"start":{"line":44,"column":12},"end":{"line":48,"column":13}},"type":"if","locations":[{"start":{"line":44,"column":12},"end":{"line":48,"column":13}},{"start":{"line":44,"column":12},"end":{"line":48,"column":13}}],"line":44},"2":{"loc":{"start":{"line":50,"column":12},"end":{"line":54,"column":13}},"type":"if","locations":[{"start":{"line":50,"column":12},"end":{"line":54,"column":13}},{"start":{"line":50,"column":12},"end":{"line":54,"column":13}}],"line":50},"3":{"loc":{"start":{"line":64,"column":12},"end":{"line":68,"column":13}},"type":"if","locations":[{"start":{"line":64,"column":12},"end":{"line":68,"column":13}},{"start":{"line":64,"column":12},"end":{"line":68,"column":13}}],"line":64},"4":{"loc":{"start":{"line":84,"column":12},"end":{"line":88,"column":13}},"type":"if","locations":[{"start":{"line":84,"column":12},"end":{"line":88,"column":13}},{"start":{"line":84,"column":12},"end":{"line":88,"column":13}}],"line":84},"5":{"loc":{"start":{"line":90,"column":12},"end":{"line":94,"column":13}},"type":"if","locations":[{"start":{"line":90,"column":12},"end":{"line":94,"column":13}},{"start":{"line":90,"column":12},"end":{"line":94,"column":13}}],"line":90},"6":{"loc":{"start":{"line":98,"column":12},"end":{"line":102,"column":13}},"type":"if","locations":[{"start":{"line":98,"column":12},"end":{"line":102,"column":13}},{"start":{"line":98,"column":12},"end":{"line":102,"column":13}}],"line":98},"7":{"loc":{"start":{"line":125,"column":8},"end":{"line":131,"column":9}},"type":"if","locations":[{"start":{"line":125,"column":8},"end":{"line":131,"column":9}},{"start":{"line":125,"column":8},"end":{"line":131,"column":9}}],"line":125},"8":{"loc":{"start":{"line":127,"column":15},"end":{"line":131,"column":9}},"type":"if","locations":[{"start":{"line":127,"column":15},"end":{"line":131,"column":9}},{"start":{"line":127,"column":15},"end":{"line":131,"column":9}}],"line":127},"9":{"loc":{"start":{"line":127,"column":19},"end":{"line":127,"column":48}},"type":"binary-expr","locations":[{"start":{"line":127,"column":19},"end":{"line":127,"column":31}},{"start":{"line":127,"column":35},"end":{"line":127,"column":48}}],"line":127}},"s":{"0":1,"1":1,"2":1,"3":1,"4":1,"5":1,"6":1,"7":1,"8":2,"9":2,"10":2,"11":1,"12":2,"13":2,"14":2,"15":2,"16":2,"17":2,"18":0,"19":3,"20":3,"21":3,"22":3,"23":3,"24":1,"25":1,"26":1,"27":2,"28":1,"29":1,"30":1,"31":1,"32":1,"33":1,"34":1,"35":1,"36":1,"37":0,"38":0,"39":0,"40":1,"41":1,"42":0,"43":3,"44":3,"45":3,"46":3,"47":1,"48":1,"49":1,"50":2,"51":1,"52":1,"53":1,"54":1,"55":1,"56":0,"57":0,"58":0,"59":1,"60":0,"61":1,"62":1,"63":1,"64":1,"65":0,"66":3,"67":0,"68":3,"69":0,"70":3,"71":3,"72":3,"73":1},"f":{"0":1,"1":2,"2":3,"3":3,"4":1,"5":3},"b":{"0":[1,1],"1":[1,2],"2":[1,1],"3":[0,1],"4":[1,2],"5":[1,1],"6":[0,1],"7":[0,3],"8":[0,3],"9":[3,3]},"_coverageSchema":"1a1c01bbd47fc00a2c39e90264f33305004495a9","hash":"5a4be9480e93f035d0836e0b40e7be622131bee3"}
,"/Users/mjunior/Projetos/challenge-mauricio/app/controllers/user.controller.js": {"path":"/Users/mjunior/Projetos/challenge-mauricio/app/controllers/user.controller.js","statementMap":{"0":{"start":{"line":1,"column":22},"end":{"line":1,"column":49}},"1":{"start":{"line":2,"column":20},"end":{"line":2,"column":55}},"2":{"start":{"line":3,"column":20},"end":{"line":3,"column":37}},"3":{"start":{"line":5,"column":12},"end":{"line":5,"column":35}},"4":{"start":{"line":6,"column":23},"end":{"line":6,"column":34}},"5":{"start":{"line":10,"column":8},"end":{"line":10,"column":26}},"6":{"start":{"line":12,"column":8},"end":{"line":12,"column":45}},"7":{"start":{"line":13,"column":8},"end":{"line":13,"column":43}},"8":{"start":{"line":17,"column":8},"end":{"line":38,"column":9}},"9":{"start":{"line":18,"column":51},"end":{"line":18,"column":59}},"10":{"start":{"line":20,"column":25},"end":{"line":20,"column":100}},"11":{"start":{"line":21,"column":12},"end":{"line":25,"column":13}},"12":{"start":{"line":22,"column":30},"end":{"line":22,"column":69}},"13":{"start":{"line":23,"column":16},"end":{"line":23,"column":39}},"14":{"start":{"line":24,"column":16},"end":{"line":24,"column":35}},"15":{"start":{"line":27,"column":28},"end":{"line":27,"column":84}},"16":{"start":{"line":28,"column":12},"end":{"line":32,"column":13}},"17":{"start":{"line":29,"column":30},"end":{"line":29,"column":69}},"18":{"start":{"line":30,"column":16},"end":{"line":30,"column":39}},"19":{"start":{"line":31,"column":16},"end":{"line":31,"column":35}},"20":{"start":{"line":34,"column":12},"end":{"line":34,"column":41}},"21":{"start":{"line":35,"column":12},"end":{"line":35,"column":41}},"22":{"start":{"line":37,"column":12},"end":{"line":37,"column":30}},"23":{"start":{"line":42,"column":8},"end":{"line":67,"column":9}},"24":{"start":{"line":43,"column":40},"end":{"line":43,"column":48}},"25":{"start":{"line":45,"column":25},"end":{"line":45,"column":81}},"26":{"start":{"line":47,"column":12},"end":{"line":51,"column":13}},"27":{"start":{"line":48,"column":30},"end":{"line":48,"column":60}},"28":{"start":{"line":49,"column":16},"end":{"line":49,"column":38}},"29":{"start":{"line":50,"column":16},"end":{"line":50,"column":34}},"30":{"start":{"line":53,"column":34},"end":{"line":53,"column":71}},"31":{"start":{"line":55,"column":12},"end":{"line":59,"column":13}},"32":{"start":{"line":56,"column":30},"end":{"line":56,"column":60}},"33":{"start":{"line":57,"column":16},"end":{"line":57,"column":38}},"34":{"start":{"line":58,"column":16},"end":{"line":58,"column":34}},"35":{"start":{"line":61,"column":26},"end":{"line":61,"column":101}},"36":{"start":{"line":62,"column":12},"end":{"line":62,"column":38}},"37":{"start":{"line":64,"column":12},"end":{"line":64,"column":44}},"38":{"start":{"line":66,"column":12},"end":{"line":66,"column":30}},"39":{"start":{"line":71,"column":0},"end":{"line":71,"column":32}}},"fnMap":{"0":{"name":"(anonymous_0)","decl":{"start":{"line":9,"column":4},"end":{"line":9,"column":5}},"loc":{"start":{"line":9,"column":18},"end":{"line":14,"column":5}},"line":9},"1":{"name":"(anonymous_1)","decl":{"start":{"line":16,"column":4},"end":{"line":16,"column":5}},"loc":{"start":{"line":16,"column":33},"end":{"line":39,"column":5}},"line":16},"2":{"name":"(anonymous_2)","decl":{"start":{"line":41,"column":4},"end":{"line":41,"column":5}},"loc":{"start":{"line":41,"column":32},"end":{"line":68,"column":5}},"line":41}},"branchMap":{"0":{"loc":{"start":{"line":21,"column":12},"end":{"line":25,"column":13}},"type":"if","locations":[{"start":{"line":21,"column":12},"end":{"line":25,"column":13}},{"start":{"line":21,"column":12},"end":{"line":25,"column":13}}],"line":21},"1":{"loc":{"start":{"line":28,"column":12},"end":{"line":32,"column":13}},"type":"if","locations":[{"start":{"line":28,"column":12},"end":{"line":32,"column":13}},{"start":{"line":28,"column":12},"end":{"line":32,"column":13}}],"line":28},"2":{"loc":{"start":{"line":47,"column":12},"end":{"line":51,"column":13}},"type":"if","locations":[{"start":{"line":47,"column":12},"end":{"line":51,"column":13}},{"start":{"line":47,"column":12},"end":{"line":51,"column":13}}],"line":47},"3":{"loc":{"start":{"line":55,"column":12},"end":{"line":59,"column":13}},"type":"if","locations":[{"start":{"line":55,"column":12},"end":{"line":59,"column":13}},{"start":{"line":55,"column":12},"end":{"line":59,"column":13}}],"line":55}},"s":{"0":1,"1":1,"2":1,"3":1,"4":1,"5":1,"6":1,"7":1,"8":2,"9":2,"10":2,"11":2,"12":1,"13":1,"14":1,"15":1,"16":1,"17":0,"18":0,"19":0,"20":1,"21":1,"22":0,"23":3,"24":3,"25":3,"26":3,"27":3,"28":3,"29":3,"30":0,"31":0,"32":0,"33":0,"34":0,"35":0,"36":0,"37":0,"38":0,"39":1},"f":{"0":1,"1":2,"2":3},"b":{"0":[1,1],"1":[0,1],"2":[3,0],"3":[0,0]},"_coverageSchema":"1a1c01bbd47fc00a2c39e90264f33305004495a9","hash":"62f5b1d228d870292b668b3d95defef87a4311fe"}
,"/Users/mjunior/Projetos/challenge-mauricio/app/db/mongo.js": {"path":"/Users/mjunior/Projetos/challenge-mauricio/app/db/mongo.js","statementMap":{"0":{"start":{"line":1,"column":17},"end":{"line":1,"column":36}},"1":{"start":{"line":2,"column":18},"end":{"line":2,"column":41}},"2":{"start":{"line":4,"column":0},"end":{"line":4,"column":36}},"3":{"start":{"line":12,"column":4},"end":{"line":15,"column":6}},"4":{"start":{"line":13,"column":6},"end":{"line":13,"column":68}},"5":{"start":{"line":14,"column":6},"end":{"line":14,"column":22}},"6":{"start":{"line":17,"column":4},"end":{"line":20,"column":6}},"7":{"start":{"line":25,"column":0},"end":{"line":25,"column":28}}},"fnMap":{"0":{"name":"(anonymous_0)","decl":{"start":{"line":7,"column":2},"end":{"line":7,"column":3}},"loc":{"start":{"line":7,"column":16},"end":{"line":9,"column":3}},"line":7},"1":{"name":"(anonymous_1)","decl":{"start":{"line":11,"column":2},"end":{"line":11,"column":3}},"loc":{"start":{"line":11,"column":12},"end":{"line":21,"column":3}},"line":11},"2":{"name":"(anonymous_2)","decl":{"start":{"line":12,"column":36},"end":{"line":12,"column":37}},"loc":{"start":{"line":12,"column":45},"end":{"line":15,"column":5}},"line":12}},"branchMap":{},"s":{"0":1,"1":1,"2":1,"3":1,"4":0,"5":0,"6":1,"7":1},"f":{"0":1,"1":1,"2":0},"b":{},"_coverageSchema":"1a1c01bbd47fc00a2c39e90264f33305004495a9","hash":"df62568bf10991bcfc60c2d8fb35ad0d32d137aa"}
,"/Users/mjunior/Projetos/challenge-mauricio/app/middlewares/authorization.js": {"path":"/Users/mjunior/Projetos/challenge-mauricio/app/middlewares/authorization.js","statementMap":{"0":{"start":{"line":1,"column":12},"end":{"line":1,"column":35}},"1":{"start":{"line":2,"column":23},"end":{"line":2,"column":34}},"2":{"start":{"line":4,"column":0},"end":{"line":40,"column":2}},"3":{"start":{"line":5,"column":30},"end":{"line":5,"column":41}},"4":{"start":{"line":7,"column":4},"end":{"line":11,"column":5}},"5":{"start":{"line":8,"column":22},"end":{"line":8,"column":62}},"6":{"start":{"line":9,"column":8},"end":{"line":9,"column":31}},"7":{"start":{"line":10,"column":8},"end":{"line":10,"column":27}},"8":{"start":{"line":13,"column":23},"end":{"line":13,"column":47}},"9":{"start":{"line":15,"column":4},"end":{"line":19,"column":5}},"10":{"start":{"line":16,"column":22},"end":{"line":16,"column":62}},"11":{"start":{"line":17,"column":8},"end":{"line":17,"column":31}},"12":{"start":{"line":18,"column":8},"end":{"line":18,"column":27}},"13":{"start":{"line":21,"column":28},"end":{"line":21,"column":38}},"14":{"start":{"line":23,"column":4},"end":{"line":27,"column":5}},"15":{"start":{"line":24,"column":22},"end":{"line":24,"column":62}},"16":{"start":{"line":25,"column":8},"end":{"line":25,"column":31}},"17":{"start":{"line":26,"column":8},"end":{"line":26,"column":27}},"18":{"start":{"line":29,"column":4},"end":{"line":39,"column":7}},"19":{"start":{"line":30,"column":8},"end":{"line":34,"column":9}},"20":{"start":{"line":31,"column":26},"end":{"line":31,"column":66}},"21":{"start":{"line":32,"column":12},"end":{"line":32,"column":35}},"22":{"start":{"line":33,"column":12},"end":{"line":33,"column":31}},"23":{"start":{"line":36,"column":8},"end":{"line":36,"column":32}},"24":{"start":{"line":37,"column":8},"end":{"line":37,"column":34}},"25":{"start":{"line":38,"column":8},"end":{"line":38,"column":22}}},"fnMap":{"0":{"name":"(anonymous_0)","decl":{"start":{"line":4,"column":17},"end":{"line":4,"column":18}},"loc":{"start":{"line":4,"column":37},"end":{"line":40,"column":1}},"line":4},"1":{"name":"(anonymous_1)","decl":{"start":{"line":29,"column":34},"end":{"line":29,"column":35}},"loc":{"start":{"line":29,"column":52},"end":{"line":39,"column":5}},"line":29}},"branchMap":{"0":{"loc":{"start":{"line":7,"column":4},"end":{"line":11,"column":5}},"type":"if","locations":[{"start":{"line":7,"column":4},"end":{"line":11,"column":5}},{"start":{"line":7,"column":4},"end":{"line":11,"column":5}}],"line":7},"1":{"loc":{"start":{"line":15,"column":4},"end":{"line":19,"column":5}},"type":"if","locations":[{"start":{"line":15,"column":4},"end":{"line":19,"column":5}},{"start":{"line":15,"column":4},"end":{"line":19,"column":5}}],"line":15},"2":{"loc":{"start":{"line":23,"column":4},"end":{"line":27,"column":5}},"type":"if","locations":[{"start":{"line":23,"column":4},"end":{"line":27,"column":5}},{"start":{"line":23,"column":4},"end":{"line":27,"column":5}}],"line":23},"3":{"loc":{"start":{"line":30,"column":8},"end":{"line":34,"column":9}},"type":"if","locations":[{"start":{"line":30,"column":8},"end":{"line":34,"column":9}},{"start":{"line":30,"column":8},"end":{"line":34,"column":9}}],"line":30}},"s":{"0":1,"1":1,"2":1,"3":13,"4":13,"5":0,"6":0,"7":0,"8":13,"9":13,"10":0,"11":0,"12":0,"13":13,"14":13,"15":0,"16":0,"17":0,"18":13,"19":13,"20":3,"21":3,"22":3,"23":10,"24":10,"25":10},"f":{"0":13,"1":13},"b":{"0":[0,13],"1":[0,13],"2":[0,13],"3":[3,10]},"_coverageSchema":"1a1c01bbd47fc00a2c39e90264f33305004495a9","hash":"4f12116253ec33b4f54328fdc388ff86b510e614"}
,"/Users/mjunior/Projetos/challenge-mauricio/app/middlewares/errorHandler.js": {"path":"/Users/mjunior/Projetos/challenge-mauricio/app/middlewares/errorHandler.js","statementMap":{"0":{"start":{"line":1,"column":0},"end":{"line":11,"column":3}},"1":{"start":{"line":3,"column":54},"end":{"line":3,"column":59}},"2":{"start":{"line":5,"column":4},"end":{"line":9,"column":6}}},"fnMap":{"0":{"name":"(anonymous_0)","decl":{"start":{"line":1,"column":17},"end":{"line":1,"column":18}},"loc":{"start":{"line":1,"column":44},"end":{"line":11,"column":3}},"line":1}},"branchMap":{},"s":{"0":1,"1":16,"2":16},"f":{"0":16},"b":{},"_coverageSchema":"1a1c01bbd47fc00a2c39e90264f33305004495a9","hash":"f2f0904e82aafce1983228f1152d80c66268569e"}
,"/Users/mjunior/Projetos/challenge-mauricio/app/models/purchase.model.js": {"path":"/Users/mjunior/Projetos/challenge-mauricio/app/models/purchase.model.js","statementMap":{"0":{"start":{"line":1,"column":17},"end":{"line":1,"column":36}},"1":{"start":{"line":2,"column":15},"end":{"line":2,"column":34}},"2":{"start":{"line":3,"column":12},"end":{"line":3,"column":35}},"3":{"start":{"line":5,"column":15},"end":{"line":5,"column":30}},"4":{"start":{"line":7,"column":23},"end":{"line":47,"column":2}},"5":{"start":{"line":49,"column":0},"end":{"line":49,"column":60}}},"fnMap":{},"branchMap":{},"s":{"0":1,"1":1,"2":1,"3":1,"4":1,"5":1},"f":{},"b":{},"_coverageSchema":"1a1c01bbd47fc00a2c39e90264f33305004495a9","hash":"2e5233413dcdd2af287de82114a9232543aa5642"}
,"/Users/mjunior/Projetos/challenge-mauricio/app/models/user.model.js": {"path":"/Users/mjunior/Projetos/challenge-mauricio/app/models/user.model.js","statementMap":{"0":{"start":{"line":1,"column":17},"end":{"line":1,"column":36}},"1":{"start":{"line":2,"column":15},"end":{"line":2,"column":34}},"2":{"start":{"line":3,"column":12},"end":{"line":3,"column":35}},"3":{"start":{"line":5,"column":15},"end":{"line":5,"column":30}},"4":{"start":{"line":7,"column":19},"end":{"line":38,"column":2}},"5":{"start":{"line":40,"column":0},"end":{"line":45,"column":1}},"6":{"start":{"line":41,"column":17},"end":{"line":41,"column":40}},"7":{"start":{"line":42,"column":17},"end":{"line":42,"column":50}},"8":{"start":{"line":44,"column":4},"end":{"line":44,"column":15}},"9":{"start":{"line":47,"column":0},"end":{"line":49,"column":1}},"10":{"start":{"line":48,"column":4},"end":{"line":48,"column":50}},"11":{"start":{"line":51,"column":0},"end":{"line":54,"column":2}},"12":{"start":{"line":52,"column":4},"end":{"line":52,"column":61}},"13":{"start":{"line":53,"column":4},"end":{"line":53,"column":10}},"14":{"start":{"line":56,"column":0},"end":{"line":56,"column":52}}},"fnMap":{"0":{"name":"(anonymous_0)","decl":{"start":{"line":40,"column":37},"end":{"line":40,"column":38}},"loc":{"start":{"line":40,"column":55},"end":{"line":45,"column":1}},"line":40},"1":{"name":"(anonymous_1)","decl":{"start":{"line":47,"column":38},"end":{"line":47,"column":39}},"loc":{"start":{"line":47,"column":57},"end":{"line":49,"column":1}},"line":47},"2":{"name":"(anonymous_2)","decl":{"start":{"line":51,"column":23},"end":{"line":51,"column":24}},"loc":{"start":{"line":51,"column":44},"end":{"line":54,"column":1}},"line":51}},"branchMap":{},"s":{"0":1,"1":1,"2":1,"3":1,"4":1,"5":1,"6":2,"7":2,"8":2,"9":1,"10":0,"11":1,"12":2,"13":2,"14":1},"f":{"0":2,"1":0,"2":2},"b":{},"_coverageSchema":"1a1c01bbd47fc00a2c39e90264f33305004495a9","hash":"afd23ead370d8836ab9a1a65a07bbe1a7197d057"}
,"/Users/mjunior/Projetos/challenge-mauricio/app/routes/cashback.routes.js": {"path":"/Users/mjunior/Projetos/challenge-mauricio/app/routes/cashback.routes.js","statementMap":{"0":{"start":{"line":1,"column":27},"end":{"line":1,"column":72}},"1":{"start":{"line":2,"column":17},"end":{"line":2,"column":41}},"2":{"start":{"line":4,"column":31},"end":{"line":4,"column":55}},"3":{"start":{"line":5,"column":22},"end":{"line":5,"column":61}},"4":{"start":{"line":7,"column":0},"end":{"line":17,"column":1}},"5":{"start":{"line":8,"column":20},"end":{"line":8,"column":25}},"6":{"start":{"line":9,"column":21},"end":{"line":9,"column":32}},"7":{"start":{"line":11,"column":4},"end":{"line":16,"column":5}}},"fnMap":{"0":{"name":"(anonymous_0)","decl":{"start":{"line":7,"column":17},"end":{"line":7,"column":18}},"loc":{"start":{"line":7,"column":26},"end":{"line":17,"column":1}},"line":7}},"branchMap":{},"s":{"0":1,"1":1,"2":1,"3":1,"4":1,"5":1,"6":1,"7":1},"f":{"0":1},"b":{},"_coverageSchema":"1a1c01bbd47fc00a2c39e90264f33305004495a9","hash":"670de6e2ab9703bcc23a5e4492da923be6501bb6"}
,"/Users/mjunior/Projetos/challenge-mauricio/app/routes/purchase.routes.js": {"path":"/Users/mjunior/Projetos/challenge-mauricio/app/routes/purchase.routes.js","statementMap":{"0":{"start":{"line":1,"column":27},"end":{"line":1,"column":73}},"1":{"start":{"line":2,"column":17},"end":{"line":2,"column":41}},"2":{"start":{"line":4,"column":31},"end":{"line":4,"column":55}},"3":{"start":{"line":5,"column":22},"end":{"line":5,"column":61}},"4":{"start":{"line":7,"column":0},"end":{"line":36,"column":1}},"5":{"start":{"line":8,"column":20},"end":{"line":8,"column":25}},"6":{"start":{"line":9,"column":21},"end":{"line":9,"column":32}},"7":{"start":{"line":11,"column":4},"end":{"line":16,"column":5}},"8":{"start":{"line":18,"column":4},"end":{"line":23,"column":5}},"9":{"start":{"line":25,"column":4},"end":{"line":29,"column":5}},"10":{"start":{"line":31,"column":4},"end":{"line":35,"column":5}}},"fnMap":{"0":{"name":"(anonymous_0)","decl":{"start":{"line":7,"column":17},"end":{"line":7,"column":18}},"loc":{"start":{"line":7,"column":26},"end":{"line":36,"column":1}},"line":7}},"branchMap":{},"s":{"0":1,"1":1,"2":1,"3":1,"4":1,"5":1,"6":1,"7":1,"8":1,"9":1,"10":1},"f":{"0":1},"b":{},"_coverageSchema":"1a1c01bbd47fc00a2c39e90264f33305004495a9","hash":"247bfde681ce8df1f2f97cf3605f16c7acf4313f"}
,"/Users/mjunior/Projetos/challenge-mauricio/app/routes/user.routes.js": {"path":"/Users/mjunior/Projetos/challenge-mauricio/app/routes/user.routes.js","statementMap":{"0":{"start":{"line":1,"column":23},"end":{"line":1,"column":64}},"1":{"start":{"line":2,"column":13},"end":{"line":2,"column":33}},"2":{"start":{"line":4,"column":27},"end":{"line":4,"column":51}},"3":{"start":{"line":6,"column":0},"end":{"line":21,"column":1}},"4":{"start":{"line":7,"column":20},"end":{"line":7,"column":25}},"5":{"start":{"line":8,"column":21},"end":{"line":8,"column":28}},"6":{"start":{"line":10,"column":4},"end":{"line":14,"column":5}},"7":{"start":{"line":16,"column":4},"end":{"line":20,"column":5}}},"fnMap":{"0":{"name":"(anonymous_0)","decl":{"start":{"line":6,"column":17},"end":{"line":6,"column":18}},"loc":{"start":{"line":6,"column":26},"end":{"line":21,"column":1}},"line":6}},"branchMap":{},"s":{"0":1,"1":1,"2":1,"3":1,"4":1,"5":1,"6":1,"7":1},"f":{"0":1},"b":{},"_coverageSchema":"1a1c01bbd47fc00a2c39e90264f33305004495a9","hash":"6424610985c0a12568f6f4f86d425432084a33d3"}
,"/Users/mjunior/Projetos/challenge-mauricio/app/services/app.service.js": {"path":"/Users/mjunior/Projetos/challenge-mauricio/app/services/app.service.js","statementMap":{"0":{"start":{"line":3,"column":8},"end":{"line":3,"column":26}},"1":{"start":{"line":7,"column":22},"end":{"line":7,"column":42}},"2":{"start":{"line":9,"column":8},"end":{"line":9,"column":28}},"3":{"start":{"line":13,"column":8},"end":{"line":13,"column":49}},"4":{"start":{"line":17,"column":8},"end":{"line":17,"column":50}},"5":{"start":{"line":21,"column":8},"end":{"line":21,"column":44}},"6":{"start":{"line":26,"column":8},"end":{"line":29,"column":23}},"7":{"start":{"line":33,"column":8},"end":{"line":33,"column":50}},"8":{"start":{"line":37,"column":8},"end":{"line":37,"column":47}},"9":{"start":{"line":41,"column":0},"end":{"line":41,"column":28}}},"fnMap":{"0":{"name":"(anonymous_0)","decl":{"start":{"line":2,"column":4},"end":{"line":2,"column":5}},"loc":{"start":{"line":2,"column":23},"end":{"line":4,"column":5}},"line":2},"1":{"name":"(anonymous_1)","decl":{"start":{"line":6,"column":4},"end":{"line":6,"column":5}},"loc":{"start":{"line":6,"column":17},"end":{"line":10,"column":5}},"line":6},"2":{"name":"(anonymous_2)","decl":{"start":{"line":12,"column":4},"end":{"line":12,"column":5}},"loc":{"start":{"line":12,"column":32},"end":{"line":14,"column":5}},"line":12},"3":{"name":"(anonymous_3)","decl":{"start":{"line":16,"column":4},"end":{"line":16,"column":5}},"loc":{"start":{"line":16,"column":22},"end":{"line":18,"column":5}},"line":16},"4":{"name":"(anonymous_4)","decl":{"start":{"line":20,"column":4},"end":{"line":20,"column":5}},"loc":{"start":{"line":20,"column":16},"end":{"line":22,"column":5}},"line":20},"5":{"name":"(anonymous_5)","decl":{"start":{"line":24,"column":4},"end":{"line":24,"column":5}},"loc":{"start":{"line":24,"column":54},"end":{"line":30,"column":5}},"line":24},"6":{"name":"(anonymous_6)","decl":{"start":{"line":32,"column":4},"end":{"line":32,"column":5}},"loc":{"start":{"line":32,"column":26},"end":{"line":34,"column":5}},"line":32},"7":{"name":"(anonymous_7)","decl":{"start":{"line":36,"column":4},"end":{"line":36,"column":5}},"loc":{"start":{"line":36,"column":22},"end":{"line":38,"column":5}},"line":36}},"branchMap":{"0":{"loc":{"start":{"line":12,"column":12},"end":{"line":12,"column":22}},"type":"default-arg","locations":[{"start":{"line":12,"column":20},"end":{"line":12,"column":22}}],"line":12},"1":{"loc":{"start":{"line":24,"column":9},"end":{"line":24,"column":20}},"type":"default-arg","locations":[{"start":{"line":24,"column":18},"end":{"line":24,"column":20}}],"line":24},"2":{"loc":{"start":{"line":24,"column":22},"end":{"line":24,"column":33}},"type":"default-arg","locations":[{"start":{"line":24,"column":31},"end":{"line":24,"column":33}}],"line":24},"3":{"loc":{"start":{"line":36,"column":10},"end":{"line":36,"column":20}},"type":"default-arg","locations":[{"start":{"line":36,"column":18},"end":{"line":36,"column":20}}],"line":36}},"s":{"0":3,"1":4,"2":4,"3":12,"4":1,"5":1,"6":1,"7":0,"8":1,"9":1},"f":{"0":3,"1":4,"2":12,"3":1,"4":1,"5":1,"6":0,"7":1},"b":{"0":[0],"1":[1],"2":[1],"3":[0]},"_coverageSchema":"1a1c01bbd47fc00a2c39e90264f33305004495a9","hash":"72e6d644d87a2ed5025e81608cde357b8446152d"}
,"/Users/mjunior/Projetos/challenge-mauricio/app/services/boticario.service.js": {"path":"/Users/mjunior/Projetos/challenge-mauricio/app/services/boticario.service.js","statementMap":{"0":{"start":{"line":1,"column":14},"end":{"line":1,"column":30}},"1":{"start":{"line":5,"column":8},"end":{"line":7,"column":9}},"2":{"start":{"line":6,"column":12},"end":{"line":6,"column":60}},"3":{"start":{"line":11,"column":8},"end":{"line":18,"column":9}},"4":{"start":{"line":12,"column":27},"end":{"line":12,"column":79}},"5":{"start":{"line":13,"column":24},"end":{"line":13,"column":76}},"6":{"start":{"line":15,"column":12},"end":{"line":15,"column":54}},"7":{"start":{"line":17,"column":12},"end":{"line":17,"column":25}},"8":{"start":{"line":20,"column":8},"end":{"line":20,"column":29}},"9":{"start":{"line":24,"column":0},"end":{"line":24,"column":34}}},"fnMap":{"0":{"name":"(anonymous_0)","decl":{"start":{"line":4,"column":4},"end":{"line":4,"column":5}},"loc":{"start":{"line":4,"column":27},"end":{"line":21,"column":5}},"line":4}},"branchMap":{"0":{"loc":{"start":{"line":5,"column":8},"end":{"line":7,"column":9}},"type":"if","locations":[{"start":{"line":5,"column":8},"end":{"line":7,"column":9}},{"start":{"line":5,"column":8},"end":{"line":7,"column":9}}],"line":5}},"s":{"0":1,"1":1,"2":0,"3":1,"4":1,"5":1,"6":1,"7":0,"8":1,"9":1},"f":{"0":1},"b":{"0":[0,1]},"_coverageSchema":"1a1c01bbd47fc00a2c39e90264f33305004495a9","hash":"299c2a2fd2e5efac5eee02a4a51062152e2ba23b"}
,"/Users/mjunior/Projetos/challenge-mauricio/app/services/purchase.service.js": {"path":"/Users/mjunior/Projetos/challenge-mauricio/app/services/purchase.service.js","statementMap":{"0":{"start":{"line":1,"column":19},"end":{"line":1,"column":43}},"1":{"start":{"line":2,"column":14},"end":{"line":2,"column":51}},"2":{"start":{"line":6,"column":8},"end":{"line":6,"column":20}},"3":{"start":{"line":8,"column":8},"end":{"line":8,"column":27}},"4":{"start":{"line":12,"column":0},"end":{"line":12,"column":33}}},"fnMap":{"0":{"name":"(anonymous_0)","decl":{"start":{"line":5,"column":4},"end":{"line":5,"column":5}},"loc":{"start":{"line":5,"column":18},"end":{"line":9,"column":5}},"line":5}},"branchMap":{},"s":{"0":1,"1":1,"2":1,"3":1,"4":1},"f":{"0":1},"b":{},"_coverageSchema":"1a1c01bbd47fc00a2c39e90264f33305004495a9","hash":"4939c2490c30e43b05662c1ff5e4ecfe7c1a9f45"}
,"/Users/mjunior/Projetos/challenge-mauricio/app/services/user.service.js": {"path":"/Users/mjunior/Projetos/challenge-mauricio/app/services/user.service.js","statementMap":{"0":{"start":{"line":1,"column":19},"end":{"line":1,"column":43}},"1":{"start":{"line":2,"column":14},"end":{"line":2,"column":47}},"2":{"start":{"line":6,"column":8},"end":{"line":6,"column":20}},"3":{"start":{"line":8,"column":8},"end":{"line":8,"column":27}},"4":{"start":{"line":12,"column":0},"end":{"line":12,"column":29}}},"fnMap":{"0":{"name":"(anonymous_0)","decl":{"start":{"line":5,"column":4},"end":{"line":5,"column":5}},"loc":{"start":{"line":5,"column":18},"end":{"line":9,"column":5}},"line":5}},"branchMap":{},"s":{"0":1,"1":1,"2":2,"3":2,"4":1},"f":{"0":2},"b":{},"_coverageSchema":"1a1c01bbd47fc00a2c39e90264f33305004495a9","hash":"6343906e08fdcde897cfc9fcec34734103228728"}
,"/Users/mjunior/Projetos/challenge-mauricio/app/validation/cashback.validation.js": {"path":"/Users/mjunior/Projetos/challenge-mauricio/app/validation/cashback.validation.js","statementMap":{"0":{"start":{"line":1,"column":18},"end":{"line":1,"column":46}},"1":{"start":{"line":2,"column":26},"end":{"line":2,"column":57}},"2":{"start":{"line":4,"column":0},"end":{"line":12,"column":1}}},"fnMap":{},"branchMap":{},"s":{"0":1,"1":1,"2":1},"f":{},"b":{},"_coverageSchema":"1a1c01bbd47fc00a2c39e90264f33305004495a9","hash":"cabf372ef3471b923452a558d3f08acc2a87ccd5"}
,"/Users/mjunior/Projetos/challenge-mauricio/app/validation/index.js": {"path":"/Users/mjunior/Projetos/challenge-mauricio/app/validation/index.js","statementMap":{"0":{"start":{"line":1,"column":23},"end":{"line":1,"column":51}},"1":{"start":{"line":2,"column":27},"end":{"line":2,"column":59}},"2":{"start":{"line":3,"column":27},"end":{"line":3,"column":59}},"3":{"start":{"line":5,"column":0},"end":{"line":9,"column":1}}},"fnMap":{},"branchMap":{},"s":{"0":1,"1":1,"2":1,"3":1},"f":{},"b":{},"_coverageSchema":"1a1c01bbd47fc00a2c39e90264f33305004495a9","hash":"4d6bc1a1b3abf9f4e24a3b9a40f5365a968dc21e"}
,"/Users/mjunior/Projetos/challenge-mauricio/app/validation/purchase.validation.js": {"path":"/Users/mjunior/Projetos/challenge-mauricio/app/validation/purchase.validation.js","statementMap":{"0":{"start":{"line":1,"column":17},"end":{"line":1,"column":45}},"1":{"start":{"line":2,"column":26},"end":{"line":2,"column":57}},"2":{"start":{"line":4,"column":0},"end":{"line":32,"column":1}}},"fnMap":{},"branchMap":{},"s":{"0":1,"1":1,"2":1},"f":{},"b":{},"_coverageSchema":"1a1c01bbd47fc00a2c39e90264f33305004495a9","hash":"2d5c6c143069ae56fc5b186e1c64684d2f3106fb"}
,"/Users/mjunior/Projetos/challenge-mauricio/app/validation/request.validation.js": {"path":"/Users/mjunior/Projetos/challenge-mauricio/app/validation/request.validation.js","statementMap":{"0":{"start":{"line":1,"column":29},"end":{"line":1,"column":57}},"1":{"start":{"line":3,"column":0},"end":{"line":15,"column":1}},"2":{"start":{"line":4,"column":19},"end":{"line":4,"column":40}},"3":{"start":{"line":7,"column":4},"end":{"line":12,"column":5}},"4":{"start":{"line":8,"column":8},"end":{"line":8,"column":64}},"5":{"start":{"line":9,"column":8},"end":{"line":9,"column":30}},"6":{"start":{"line":11,"column":8},"end":{"line":11,"column":19}},"7":{"start":{"line":14,"column":4},"end":{"line":14,"column":11}}},"fnMap":{"0":{"name":"(anonymous_0)","decl":{"start":{"line":3,"column":17},"end":{"line":3,"column":18}},"loc":{"start":{"line":3,"column":37},"end":{"line":15,"column":1}},"line":3}},"branchMap":{"0":{"loc":{"start":{"line":7,"column":4},"end":{"line":12,"column":5}},"type":"if","locations":[{"start":{"line":7,"column":4},"end":{"line":12,"column":5}},{"start":{"line":7,"column":4},"end":{"line":12,"column":5}}],"line":7}},"s":{"0":1,"1":1,"2":16,"3":16,"4":5,"5":5,"6":5,"7":11},"f":{"0":16},"b":{"0":[5,11]},"_coverageSchema":"1a1c01bbd47fc00a2c39e90264f33305004495a9","hash":"0f6ef550c50ffb2394ac8bf3c10a2277a54c5d8a"}
,"/Users/mjunior/Projetos/challenge-mauricio/app/validation/user.validation.js": {"path":"/Users/mjunior/Projetos/challenge-mauricio/app/validation/user.validation.js","statementMap":{"0":{"start":{"line":1,"column":17},"end":{"line":1,"column":45}},"1":{"start":{"line":2,"column":26},"end":{"line":2,"column":57}},"2":{"start":{"line":4,"column":0},"end":{"line":36,"column":1}}},"fnMap":{},"branchMap":{},"s":{"0":1,"1":1,"2":1},"f":{},"b":{},"_coverageSchema":"1a1c01bbd47fc00a2c39e90264f33305004495a9","hash":"aee38471316679159d46f0daffd9266135ef0d90"}
}
