TN:
SF:app/app.js
FN:11,(anonymous_0)
FN:16,(anonymous_1)
FN:21,(anonymous_2)
FN:34,(anonymous_3)
FN:38,(anonymous_4)
FN:46,(anonymous_5)
FN:50,(anonymous_6)
FN:54,(anonymous_7)
FN:58,(anonymous_8)
FNF:9
FNH:9
FNDA:1,(anonymous_0)
FNDA:4,(anonymous_1)
FNDA:11,(anonymous_2)
FNDA:1,(anonymous_3)
FNDA:1,(anonymous_4)
FNDA:1,(anonymous_5)
FNDA:1,(anonymous_6)
FNDA:1,(anonymous_7)
FNDA:1,(anonymous_8)
DA:1,1
DA:2,1
DA:3,1
DA:4,1
DA:6,1
DA:7,1
DA:8,1
DA:12,1
DA:17,4
DA:19,4
DA:21,4
DA:22,11
DA:23,11
DA:25,11
DA:26,10
DA:28,10
DA:29,7
DA:35,1
DA:41,1
DA:42,1
DA:47,1
DA:51,1
DA:55,1
DA:59,1
DA:60,1
DA:61,1
DA:62,1
DA:63,1
DA:65,1
DA:69,1
LF:30
LH:30
BRDA:19,0,0,0
BRDA:19,0,1,4
BRDA:25,1,0,10
BRDA:25,1,1,1
BRDA:26,2,0,0
BRDA:26,2,1,10
BRDA:28,3,0,3
BRDA:28,3,1,7
BRF:8
BRH:6
end_of_record
TN:
SF:app/constants.js
FNF:0
FNH:0
DA:1,1
DA:12,1
LF:2
LH:2
BRF:0
BRH:0
end_of_record
TN:
SF:app/bootstraps/user.bootstrap.js
FN:7,(anonymous_0)
FNF:1
FNH:1
FNDA:1,(anonymous_0)
DA:1,1
DA:2,1
DA:4,1
DA:5,1
DA:7,1
DA:9,1
DA:10,1
DA:12,1
DA:13,1
DA:15,0
DA:20,1
LF:11
LH:10
BRDA:12,0,0,1
BRDA:12,0,1,0
BRF:2
BRH:1
end_of_record
TN:
SF:app/controllers/app.controller.js
FN:2,(anonymous_0)
FNF:1
FNH:1
FNDA:2,(anonymous_0)
DA:3,2
DA:7,1
LF:2
LH:2
BRF:0
BRH:0
end_of_record
TN:
SF:app/controllers/cashback.controller.js
FN:5,(anonymous_0)
FN:9,(anonymous_1)
FNF:2
FNH:2
FNDA:1,(anonymous_0)
FNDA:1,(anonymous_1)
DA:1,1
DA:2,1
DA:10,1
DA:12,1
DA:13,1
DA:15,1
DA:17,0
DA:22,1
LF:8
LH:7
BRF:0
BRH:0
end_of_record
TN:
SF:app/controllers/purchase.controller.js
FN:6,(anonymous_0)
FN:15,(anonymous_1)
FN:37,(anonymous_2)
FN:78,(anonymous_3)
FN:110,(anonymous_4)
FN:122,(anonymous_5)
FNF:6
FNH:6
FNDA:1,(anonymous_0)
FNDA:2,(anonymous_1)
FNDA:3,(anonymous_2)
FNDA:3,(anonymous_3)
FNDA:1,(anonymous_4)
FNDA:3,(anonymous_5)
DA:1,1
DA:2,1
DA:3,1
DA:7,1
DA:9,1
DA:10,1
DA:11,1
DA:12,1
DA:16,2
DA:18,2
DA:19,2
DA:20,1
DA:23,2
DA:25,2
DA:26,2
DA:27,2
DA:29,2
DA:31,2
DA:33,0
DA:38,3
DA:40,3
DA:41,3
DA:42,3
DA:44,3
DA:45,1
DA:46,1
DA:47,1
DA:50,2
DA:51,1
DA:52,1
DA:53,1
DA:56,1
DA:58,1
DA:59,1
DA:60,1
DA:62,1
DA:64,1
DA:65,0
DA:66,0
DA:67,0
DA:70,1
DA:72,1
DA:74,0
DA:79,3
DA:81,3
DA:82,3
DA:84,3
DA:85,1
DA:86,1
DA:87,1
DA:90,2
DA:91,1
DA:92,1
DA:93,1
DA:96,1
DA:98,1
DA:99,0
DA:100,0
DA:101,0
DA:104,1
DA:106,0
DA:111,1
DA:113,1
DA:114,1
DA:116,1
DA:118,0
DA:125,3
DA:126,0
DA:127,3
DA:128,0
DA:130,3
DA:132,3
DA:134,3
DA:138,1
LF:74
LH:62
BRDA:19,0,0,1
BRDA:19,0,1,1
BRDA:44,1,0,1
BRDA:44,1,1,2
BRDA:50,2,0,1
BRDA:50,2,1,1
BRDA:64,3,0,0
BRDA:64,3,1,1
BRDA:84,4,0,1
BRDA:84,4,1,2
BRDA:90,5,0,1
BRDA:90,5,1,1
BRDA:98,6,0,0
BRDA:98,6,1,1
BRDA:125,7,0,0
BRDA:125,7,1,3
BRDA:127,8,0,0
BRDA:127,8,1,3
BRDA:127,9,0,3
BRDA:127,9,1,3
BRF:20
BRH:16
end_of_record
TN:
SF:app/controllers/user.controller.js
FN:9,(anonymous_0)
FN:16,(anonymous_1)
FN:41,(anonymous_2)
FNF:3
FNH:3
FNDA:1,(anonymous_0)
FNDA:2,(anonymous_1)
FNDA:3,(anonymous_2)
DA:1,1
DA:2,1
DA:3,1
DA:5,1
DA:6,1
DA:10,1
DA:12,1
DA:13,1
DA:17,2
DA:18,2
DA:20,2
DA:21,2
DA:22,1
DA:23,1
DA:24,1
DA:27,1
DA:28,1
DA:29,0
DA:30,0
DA:31,0
DA:34,1
DA:35,1
DA:37,0
DA:42,3
DA:43,3
DA:45,3
DA:47,3
DA:48,3
DA:49,3
DA:50,3
DA:53,0
DA:55,0
DA:56,0
DA:57,0
DA:58,0
DA:61,0
DA:62,0
DA:64,0
DA:66,0
DA:71,1
LF:40
LH:27
BRDA:21,0,0,1
BRDA:21,0,1,1
BRDA:28,1,0,0
BRDA:28,1,1,1
BRDA:47,2,0,3
BRDA:47,2,1,0
BRDA:55,3,0,0
BRDA:55,3,1,0
BRF:8
BRH:4
end_of_record
TN:
SF:app/db/mongo.js
FN:7,(anonymous_0)
FN:11,(anonymous_1)
FN:12,(anonymous_2)
FNF:3
FNH:2
FNDA:1,(anonymous_0)
FNDA:1,(anonymous_1)
FNDA:0,(anonymous_2)
DA:1,1
DA:2,1
DA:4,1
DA:12,1
DA:13,0
DA:14,0
DA:17,1
DA:25,1
LF:8
LH:6
BRF:0
BRH:0
end_of_record
TN:
SF:app/middlewares/authorization.js
FN:4,(anonymous_0)
FN:29,(anonymous_1)
FNF:2
FNH:2
FNDA:13,(anonymous_0)
FNDA:13,(anonymous_1)
DA:1,1
DA:2,1
DA:4,1
DA:5,13
DA:7,13
DA:8,0
DA:9,0
DA:10,0
DA:13,13
DA:15,13
DA:16,0
DA:17,0
DA:18,0
DA:21,13
DA:23,13
DA:24,0
DA:25,0
DA:26,0
DA:29,13
DA:30,13
DA:31,3
DA:32,3
DA:33,3
DA:36,10
DA:37,10
DA:38,10
LF:26
LH:17
BRDA:7,0,0,0
BRDA:7,0,1,13
BRDA:15,1,0,0
BRDA:15,1,1,13
BRDA:23,2,0,0
BRDA:23,2,1,13
BRDA:30,3,0,3
BRDA:30,3,1,10
BRF:8
BRH:5
end_of_record
TN:
SF:app/middlewares/errorHandler.js
FN:1,(anonymous_0)
FNF:1
FNH:1
FNDA:16,(anonymous_0)
DA:1,1
DA:3,16
DA:5,16
LF:3
LH:3
BRF:0
BRH:0
end_of_record
TN:
SF:app/models/purchase.model.js
FNF:0
FNH:0
DA:1,1
DA:2,1
DA:3,1
DA:5,1
DA:7,1
DA:49,1
LF:6
LH:6
BRF:0
BRH:0
end_of_record
TN:
SF:app/models/user.model.js
FN:40,(anonymous_0)
FN:47,(anonymous_1)
FN:51,(anonymous_2)
FNF:3
FNH:2
FNDA:2,(anonymous_0)
FNDA:0,(anonymous_1)
FNDA:2,(anonymous_2)
DA:1,1
DA:2,1
DA:3,1
DA:5,1
DA:7,1
DA:40,1
DA:41,2
DA:42,2
DA:44,2
DA:47,1
DA:48,0
DA:51,1
DA:52,2
DA:53,2
DA:56,1
LF:15
LH:14
BRF:0
BRH:0
end_of_record
TN:
SF:app/routes/cashback.routes.js
FN:7,(anonymous_0)
FNF:1
FNH:1
FNDA:1,(anonymous_0)
DA:1,1
DA:2,1
DA:4,1
DA:5,1
DA:7,1
DA:8,1
DA:9,1
DA:11,1
LF:8
LH:8
BRF:0
BRH:0
end_of_record
TN:
SF:app/routes/purchase.routes.js
FN:7,(anonymous_0)
FNF:1
FNH:1
FNDA:1,(anonymous_0)
DA:1,1
DA:2,1
DA:4,1
DA:5,1
DA:7,1
DA:8,1
DA:9,1
DA:11,1
DA:18,1
DA:25,1
DA:31,1
LF:11
LH:11
BRF:0
BRH:0
end_of_record
TN:
SF:app/routes/user.routes.js
FN:6,(anonymous_0)
FNF:1
FNH:1
FNDA:1,(anonymous_0)
DA:1,1
DA:2,1
DA:4,1
DA:6,1
DA:7,1
DA:8,1
DA:10,1
DA:16,1
LF:8
LH:8
BRF:0
BRH:0
end_of_record
TN:
SF:app/services/app.service.js
FN:2,(anonymous_0)
FN:6,(anonymous_1)
FN:12,(anonymous_2)
FN:16,(anonymous_3)
FN:20,(anonymous_4)
FN:24,(anonymous_5)
FN:32,(anonymous_6)
FN:36,(anonymous_7)
FNF:8
FNH:7
FNDA:3,(anonymous_0)
FNDA:4,(anonymous_1)
FNDA:12,(anonymous_2)
FNDA:1,(anonymous_3)
FNDA:1,(anonymous_4)
FNDA:1,(anonymous_5)
FNDA:0,(anonymous_6)
FNDA:1,(anonymous_7)
DA:3,3
DA:7,4
DA:9,4
DA:13,12
DA:17,1
DA:21,1
DA:26,1
DA:33,0
DA:37,1
DA:41,1
LF:10
LH:9
BRDA:12,0,0,0
BRDA:24,1,0,1
BRDA:24,2,0,1
BRDA:36,3,0,0
BRF:4
BRH:2
end_of_record
TN:
SF:app/services/boticario.service.js
FN:4,(anonymous_0)
FNF:1
FNH:1
FNDA:1,(anonymous_0)
DA:1,1
DA:5,1
DA:6,0
DA:11,1
DA:12,1
DA:13,1
DA:15,1
DA:17,0
DA:20,1
DA:24,1
LF:10
LH:8
BRDA:5,0,0,0
BRDA:5,0,1,1
BRF:2
BRH:1
end_of_record
TN:
SF:app/services/purchase.service.js
FN:5,(anonymous_0)
FNF:1
FNH:1
FNDA:1,(anonymous_0)
DA:1,1
DA:2,1
DA:6,1
DA:8,1
DA:12,1
LF:5
LH:5
BRF:0
BRH:0
end_of_record
TN:
SF:app/services/user.service.js
FN:5,(anonymous_0)
FNF:1
FNH:1
FNDA:2,(anonymous_0)
DA:1,1
DA:2,1
DA:6,2
DA:8,2
DA:12,1
LF:5
LH:5
BRF:0
BRH:0
end_of_record
TN:
SF:app/validation/cashback.validation.js
FNF:0
FNH:0
DA:1,1
DA:2,1
DA:4,1
LF:3
LH:3
BRF:0
BRH:0
end_of_record
TN:
SF:app/validation/index.js
FNF:0
FNH:0
DA:1,1
DA:2,1
DA:3,1
DA:5,1
LF:4
LH:4
BRF:0
BRH:0
end_of_record
TN:
SF:app/validation/purchase.validation.js
FNF:0
FNH:0
DA:1,1
DA:2,1
DA:4,1
LF:3
LH:3
BRF:0
BRH:0
end_of_record
TN:
SF:app/validation/request.validation.js
FN:3,(anonymous_0)
FNF:1
FNH:1
FNDA:16,(anonymous_0)
DA:1,1
DA:3,1
DA:4,16
DA:7,16
DA:8,5
DA:9,5
DA:11,5
DA:14,11
LF:8
LH:8
BRDA:7,0,0,5
BRDA:7,0,1,11
BRF:2
BRH:2
end_of_record
TN:
SF:app/validation/user.validation.js
FNF:0
FNH:0
DA:1,1
DA:2,1
DA:4,1
LF:3
LH:3
BRF:0
BRH:0
end_of_record
