TN:
SF:app/controllers/app.controller.js
FN:2,(anonymous_0)
FNF:1
FNH:1
FNDA:28,(anonymous_0)
DA:3,28
DA:7,2
LF:2
LH:2
BRF:0
BRH:0
end_of_record
TN:
SF:app/controllers/purchase.controller.js
FN:6,(anonymous_0)
FN:15,(anonymous_1)
FN:35,(anonymous_2)
FN:74,(anonymous_3)
FN:106,(anonymous_4)
FN:118,(anonymous_5)
FNF:6
FNH:6
FNDA:19,(anonymous_0)
FNDA:6,(anonymous_1)
FNDA:5,(anonymous_2)
FNDA:5,(anonymous_3)
FNDA:2,(anonymous_4)
FNDA:16,(anonymous_5)
DA:1,1
DA:2,1
DA:3,1
DA:7,19
DA:9,19
DA:10,19
DA:11,19
DA:12,19
DA:16,6
DA:18,6
DA:19,6
DA:20,1
DA:23,6
DA:24,6
DA:25,6
DA:27,6
DA:29,5
DA:31,1
DA:36,5
DA:38,5
DA:39,5
DA:40,5
DA:42,4
DA:43,1
DA:44,1
DA:45,1
DA:48,3
DA:49,1
DA:50,1
DA:51,1
DA:54,2
DA:55,2
DA:56,2
DA:58,2
DA:60,2
DA:61,1
DA:62,1
DA:63,1
DA:66,1
DA:68,1
DA:70,1
DA:75,5
DA:77,5
DA:78,5
DA:80,4
DA:81,1
DA:82,1
DA:83,1
DA:86,3
DA:87,1
DA:88,1
DA:89,1
DA:92,2
DA:94,2
DA:95,1
DA:96,1
DA:97,1
DA:100,1
DA:102,1
DA:107,2
DA:109,2
DA:110,2
DA:112,1
DA:114,1
DA:121,16
DA:122,4
DA:123,12
DA:124,10
DA:126,2
DA:128,16
DA:130,16
DA:134,1
LF:72
LH:72
BRDA:19,0,0,1
BRDA:19,0,1,5
BRDA:42,1,0,1
BRDA:42,1,1,3
BRDA:48,2,0,1
BRDA:48,2,1,2
BRDA:60,3,0,1
BRDA:60,3,1,1
BRDA:80,4,0,1
BRDA:80,4,1,3
BRDA:86,5,0,1
BRDA:86,5,1,2
BRDA:94,6,0,1
BRDA:94,6,1,1
BRDA:121,7,0,4
BRDA:121,7,1,12
BRDA:123,8,0,10
BRDA:123,8,1,2
BRDA:123,9,0,12
BRDA:123,9,1,12
BRF:20
BRH:20
end_of_record
TN:
SF:app/controllers/user.controller.js
FN:9,(anonymous_0)
FN:16,(anonymous_1)
FN:41,(anonymous_2)
FNF:3
FNH:3
FNDA:9,(anonymous_0)
FNDA:4,(anonymous_1)
FNDA:4,(anonymous_2)
DA:1,1
DA:2,1
DA:3,1
DA:5,1
DA:6,1
DA:10,9
DA:12,9
DA:13,9
DA:17,4
DA:18,4
DA:20,4
DA:21,4
DA:22,1
DA:23,1
DA:24,1
DA:27,3
DA:28,2
DA:29,1
DA:30,1
DA:31,1
DA:34,1
DA:35,1
DA:37,1
DA:42,4
DA:43,4
DA:45,4
DA:47,4
DA:48,1
DA:49,1
DA:50,1
DA:53,3
DA:55,2
DA:56,1
DA:57,1
DA:58,1
DA:61,1
DA:62,1
DA:64,1
DA:66,1
DA:71,1
LF:40
LH:40
BRDA:21,0,0,1
BRDA:21,0,1,3
BRDA:28,1,0,1
BRDA:28,1,1,1
BRDA:47,2,0,1
BRDA:47,2,1,3
BRDA:55,3,0,1
BRDA:55,3,1,1
BRF:8
BRH:8
end_of_record
TN:
SF:app/services/app.service.js
FN:2,(anonymous_0)
FN:6,(anonymous_1)
FN:12,(anonymous_2)
FN:16,(anonymous_3)
FN:20,(anonymous_4)
FN:24,(anonymous_5)
FN:32,(anonymous_6)
FNF:7
FNH:1
FNDA:4,(anonymous_0)
FNDA:0,(anonymous_1)
FNDA:0,(anonymous_2)
FNDA:0,(anonymous_3)
FNDA:0,(anonymous_4)
FNDA:0,(anonymous_5)
FNDA:0,(anonymous_6)
DA:3,4
DA:7,0
DA:9,0
DA:13,0
DA:17,0
DA:21,0
DA:25,0
DA:26,0
DA:33,0
DA:37,2
LF:10
LH:2
BRDA:12,0,0,0
BRDA:24,1,0,0
BRDA:24,2,0,0
BRDA:32,3,0,0
BRF:4
BRH:0
end_of_record
TN:
SF:app/services/purchase.service.js
FN:5,(anonymous_0)
FNF:1
FNH:1
FNDA:2,(anonymous_0)
DA:1,1
DA:2,1
DA:6,2
DA:8,2
DA:12,1
LF:5
LH:5
BRF:0
BRH:0
end_of_record
TN:
SF:app/services/user.service.js
FN:5,(anonymous_0)
FNF:1
FNH:1
FNDA:2,(anonymous_0)
DA:1,1
DA:2,1
DA:6,2
DA:8,2
DA:12,1
LF:5
LH:5
BRF:0
BRH:0
end_of_record
